running egg_info
writing ../../build/moveo/moveo.egg-info/PKG-INFO
writing dependency_links to ../../build/moveo/moveo.egg-info/dependency_links.txt
writing entry points to ../../build/moveo/moveo.egg-info/entry_points.txt
writing requirements to ../../build/moveo/moveo.egg-info/requires.txt
writing top-level names to ../../build/moveo/moveo.egg-info/top_level.txt
reading manifest file '../../build/moveo/moveo.egg-info/SOURCES.txt'
writing manifest file '../../build/moveo/moveo.egg-info/SOURCES.txt'
running build
running build_py
copying moveo/__init__.py -> /home/jjj/moveo_robotic_arm/build/moveo/build/lib/moveo
running install
running install_lib
copying /home/jjj/moveo_robotic_arm/build/moveo/build/lib/moveo/__init__.py -> /home/jjj/moveo_robotic_arm/install/moveo/lib/python3.8/site-packages/moveo
byte-compiling /home/jjj/moveo_robotic_arm/install/moveo/lib/python3.8/site-packages/moveo/__init__.py to __init__.cpython-38.pyc
running install_data
copying resource/moveo -> /home/jjj/moveo_robotic_arm/install/moveo/share/ament_index/resource_index/packages
copying package.xml -> /home/jjj/moveo_robotic_arm/install/moveo/share/moveo
running install_egg_info
removing '/home/jjj/moveo_robotic_arm/install/moveo/lib/python3.8/site-packages/moveo-0.0.0-py3.8.egg-info' (and everything under it)
Copying ../../build/moveo/moveo.egg-info to /home/jjj/moveo_robotic_arm/install/moveo/lib/python3.8/site-packages/moveo-0.0.0-py3.8.egg-info
running install_scripts
writing list of installed files to '/home/jjj/moveo_robotic_arm/build/moveo/install.log'
