running egg_info
creating ../../build/moveo2/moveo2.egg-info
writing ../../build/moveo2/moveo2.egg-info/PKG-INFO
writing dependency_links to ../../build/moveo2/moveo2.egg-info/dependency_links.txt
writing entry points to ../../build/moveo2/moveo2.egg-info/entry_points.txt
writing requirements to ../../build/moveo2/moveo2.egg-info/requires.txt
writing top-level names to ../../build/moveo2/moveo2.egg-info/top_level.txt
writing manifest file '../../build/moveo2/moveo2.egg-info/SOURCES.txt'
reading manifest file '../../build/moveo2/moveo2.egg-info/SOURCES.txt'
writing manifest file '../../build/moveo2/moveo2.egg-info/SOURCES.txt'
running build
running build_py
creating /home/jjj/moveo_robotic_arm/build/moveo2/build
creating /home/jjj/moveo_robotic_arm/build/moveo2/build/lib
creating /home/jjj/moveo_robotic_arm/build/moveo2/build/lib/moveo2
copying moveo2/__init__.py -> /home/jjj/moveo_robotic_arm/build/moveo2/build/lib/moveo2
running install
running install_lib
creating /home/jjj/moveo_robotic_arm/install/moveo2/lib/python3.8/site-packages/moveo2
copying /home/jjj/moveo_robotic_arm/build/moveo2/build/lib/moveo2/__init__.py -> /home/jjj/moveo_robotic_arm/install/moveo2/lib/python3.8/site-packages/moveo2
byte-compiling /home/jjj/moveo_robotic_arm/install/moveo2/lib/python3.8/site-packages/moveo2/__init__.py to __init__.cpython-38.pyc
running install_data
creating /home/jjj/moveo_robotic_arm/install/moveo2/share/ament_index
creating /home/jjj/moveo_robotic_arm/install/moveo2/share/ament_index/resource_index
creating /home/jjj/moveo_robotic_arm/install/moveo2/share/ament_index/resource_index/packages
copying resource/moveo2 -> /home/jjj/moveo_robotic_arm/install/moveo2/share/ament_index/resource_index/packages
copying package.xml -> /home/jjj/moveo_robotic_arm/install/moveo2/share/moveo2
running install_egg_info
Copying ../../build/moveo2/moveo2.egg-info to /home/jjj/moveo_robotic_arm/install/moveo2/lib/python3.8/site-packages/moveo2-0.0.0-py3.8.egg-info
running install_scripts
writing list of installed files to '/home/jjj/moveo_robotic_arm/build/moveo2/install.log'
