[0.224s] DEBUG:colcon:Command line arguments: ['/usr/bin/colcon', 'build']
[0.224s] DEBUG:colcon:Parsed command line arguments: Namespace(allow_overriding=[], ament_cmake_args=None, base_paths=['.'], build_base='build', catkin_cmake_args=None, catkin_skip_building_tests=False, cmake_args=None, cmake_clean_cache=False, cmake_clean_first=False, cmake_force_configure=False, cmake_target=None, cmake_target_skip_unavailable=False, continue_on_error=False, event_handlers=None, executor='parallel', ignore_user_meta=False, install_base='install', log_base=None, log_level=None, main=<bound method BuildVerb.main of <colcon_core.verb.build.BuildVerb object at 0x7f39defa2400>>, merge_install=False, metas=['./colcon.meta'], mixin=None, mixin_files=None, mixin_verb=('build',), packages_above=None, packages_above_and_dependencies=None, packages_above_depth=None, packages_end=None, packages_ignore=None, packages_ignore_regex=None, packages_select=None, packages_select_build_failed=False, packages_select_by_dep=None, packages_select_regex=None, packages_select_test_failures=False, packages_skip=None, packages_skip_build_finished=False, packages_skip_by_dep=None, packages_skip_regex=None, packages_skip_test_passed=False, packages_skip_up_to=None, packages_start=None, packages_up_to=None, packages_up_to_regex=None, parallel_workers=6, paths=None, symlink_install=False, test_result_base=None, verb_extension=<colcon_core.verb.build.BuildVerb object at 0x7f39defa2400>, verb_name='build', verb_parser=<colcon_mixin.mixin.mixin_argument.MixinArgumentDecorator object at 0x7f39defa2a60>)
[0.230s] Level 1:colcon.colcon_core.package_discovery:discover_packages(colcon_meta) check parameters
[0.230s] Level 1:colcon.colcon_core.package_discovery:discover_packages(recursive) check parameters
[0.230s] Level 1:colcon.colcon_core.package_discovery:discover_packages(ignore) check parameters
[0.230s] Level 1:colcon.colcon_core.package_discovery:discover_packages(path) check parameters
[0.231s] Level 1:colcon.colcon_core.package_discovery:discover_packages(colcon_meta) discover
[0.231s] Level 1:colcon.colcon_core.package_discovery:discover_packages(recursive) discover
[0.231s] INFO:colcon.colcon_core.package_discovery:Crawling recursively for packages in '/home/jjj/moveo_robotic_arm'
[0.231s] Level 1:colcon.colcon_core.package_identification:_identify(.) by extensions ['ignore', 'ignore_ament_install']
[0.231s] Level 1:colcon.colcon_core.package_identification:_identify(.) by extension 'ignore'
[0.231s] Level 1:colcon.colcon_core.package_identification:_identify(.) by extension 'ignore_ament_install'
[0.231s] Level 1:colcon.colcon_core.package_identification:_identify(.) by extensions ['colcon_pkg']
[0.231s] Level 1:colcon.colcon_core.package_identification:_identify(.) by extension 'colcon_pkg'
[0.231s] Level 1:colcon.colcon_core.package_identification:_identify(.) by extensions ['colcon_meta']
[0.231s] Level 1:colcon.colcon_core.package_identification:_identify(.) by extension 'colcon_meta'
[0.232s] Level 1:colcon.colcon_core.package_identification:_identify(.) by extensions ['ros']
[0.232s] Level 1:colcon.colcon_core.package_identification:_identify(.) by extension 'ros'
[0.246s] Level 1:colcon.colcon_core.package_identification:_identify(.) by extensions ['cmake', 'python']
[0.246s] Level 1:colcon.colcon_core.package_identification:_identify(.) by extension 'cmake'
[0.246s] Level 1:colcon.colcon_core.package_identification:_identify(.) by extension 'python'
[0.247s] Level 1:colcon.colcon_core.package_identification:_identify(.) by extensions ['python_setup_py']
[0.247s] Level 1:colcon.colcon_core.package_identification:_identify(.) by extension 'python_setup_py'
[0.247s] Level 1:colcon.colcon_core.package_identification:_identify(build) by extensions ['ignore', 'ignore_ament_install']
[0.247s] Level 1:colcon.colcon_core.package_identification:_identify(build) by extension 'ignore'
[0.247s] Level 1:colcon.colcon_core.package_identification:_identify(build) ignored
[0.247s] Level 1:colcon.colcon_core.package_identification:_identify(install) by extensions ['ignore', 'ignore_ament_install']
[0.247s] Level 1:colcon.colcon_core.package_identification:_identify(install) by extension 'ignore'
[0.247s] Level 1:colcon.colcon_core.package_identification:_identify(install) ignored
[0.248s] Level 1:colcon.colcon_core.package_identification:_identify(log) by extensions ['ignore', 'ignore_ament_install']
[0.248s] Level 1:colcon.colcon_core.package_identification:_identify(log) by extension 'ignore'
[0.248s] Level 1:colcon.colcon_core.package_identification:_identify(log) ignored
[0.248s] Level 1:colcon.colcon_core.package_identification:_identify(src) by extensions ['ignore', 'ignore_ament_install']
[0.248s] Level 1:colcon.colcon_core.package_identification:_identify(src) by extension 'ignore'
[0.248s] Level 1:colcon.colcon_core.package_identification:_identify(src) by extension 'ignore_ament_install'
[0.248s] Level 1:colcon.colcon_core.package_identification:_identify(src) by extensions ['colcon_pkg']
[0.248s] Level 1:colcon.colcon_core.package_identification:_identify(src) by extension 'colcon_pkg'
[0.248s] Level 1:colcon.colcon_core.package_identification:_identify(src) by extensions ['colcon_meta']
[0.248s] Level 1:colcon.colcon_core.package_identification:_identify(src) by extension 'colcon_meta'
[0.248s] Level 1:colcon.colcon_core.package_identification:_identify(src) by extensions ['ros']
[0.248s] Level 1:colcon.colcon_core.package_identification:_identify(src) by extension 'ros'
[0.249s] Level 1:colcon.colcon_core.package_identification:_identify(src) by extensions ['cmake', 'python']
[0.249s] Level 1:colcon.colcon_core.package_identification:_identify(src) by extension 'cmake'
[0.249s] Level 1:colcon.colcon_core.package_identification:_identify(src) by extension 'python'
[0.249s] Level 1:colcon.colcon_core.package_identification:_identify(src) by extensions ['python_setup_py']
[0.249s] Level 1:colcon.colcon_core.package_identification:_identify(src) by extension 'python_setup_py'
[0.249s] Level 1:colcon.colcon_core.package_identification:_identify(src/launch) by extensions ['ignore', 'ignore_ament_install']
[0.249s] Level 1:colcon.colcon_core.package_identification:_identify(src/launch) by extension 'ignore'
[0.249s] Level 1:colcon.colcon_core.package_identification:_identify(src/launch) by extension 'ignore_ament_install'
[0.249s] Level 1:colcon.colcon_core.package_identification:_identify(src/launch) by extensions ['colcon_pkg']
[0.249s] Level 1:colcon.colcon_core.package_identification:_identify(src/launch) by extension 'colcon_pkg'
[0.249s] Level 1:colcon.colcon_core.package_identification:_identify(src/launch) by extensions ['colcon_meta']
[0.250s] Level 1:colcon.colcon_core.package_identification:_identify(src/launch) by extension 'colcon_meta'
[0.250s] Level 1:colcon.colcon_core.package_identification:_identify(src/launch) by extensions ['ros']
[0.250s] Level 1:colcon.colcon_core.package_identification:_identify(src/launch) by extension 'ros'
[0.250s] Level 1:colcon.colcon_core.package_identification:_identify(src/launch) by extensions ['cmake', 'python']
[0.250s] Level 1:colcon.colcon_core.package_identification:_identify(src/launch) by extension 'cmake'
[0.250s] Level 1:colcon.colcon_core.package_identification:_identify(src/launch) by extension 'python'
[0.250s] Level 1:colcon.colcon_core.package_identification:_identify(src/launch) by extensions ['python_setup_py']
[0.250s] Level 1:colcon.colcon_core.package_identification:_identify(src/launch) by extension 'python_setup_py'
[0.250s] Level 1:colcon.colcon_core.package_identification:_identify(src/moveo) by extensions ['ignore', 'ignore_ament_install']
[0.250s] Level 1:colcon.colcon_core.package_identification:_identify(src/moveo) by extension 'ignore'
[0.250s] Level 1:colcon.colcon_core.package_identification:_identify(src/moveo) by extension 'ignore_ament_install'
[0.250s] Level 1:colcon.colcon_core.package_identification:_identify(src/moveo) by extensions ['colcon_pkg']
[0.251s] Level 1:colcon.colcon_core.package_identification:_identify(src/moveo) by extension 'colcon_pkg'
[0.251s] Level 1:colcon.colcon_core.package_identification:_identify(src/moveo) by extensions ['colcon_meta']
[0.251s] Level 1:colcon.colcon_core.package_identification:_identify(src/moveo) by extension 'colcon_meta'
[0.251s] Level 1:colcon.colcon_core.package_identification:_identify(src/moveo) by extensions ['ros']
[0.251s] Level 1:colcon.colcon_core.package_identification:_identify(src/moveo) by extension 'ros'
[0.254s] DEBUG:colcon.colcon_core.package_identification:Package 'src/moveo' with type 'ros.ament_python' and name 'moveo'
[0.254s] Level 1:colcon.colcon_core.package_identification:_identify(src/moveo2) by extensions ['ignore', 'ignore_ament_install']
[0.254s] Level 1:colcon.colcon_core.package_identification:_identify(src/moveo2) by extension 'ignore'
[0.255s] Level 1:colcon.colcon_core.package_identification:_identify(src/moveo2) by extension 'ignore_ament_install'
[0.255s] Level 1:colcon.colcon_core.package_identification:_identify(src/moveo2) by extensions ['colcon_pkg']
[0.255s] Level 1:colcon.colcon_core.package_identification:_identify(src/moveo2) by extension 'colcon_pkg'
[0.255s] Level 1:colcon.colcon_core.package_identification:_identify(src/moveo2) by extensions ['colcon_meta']
[0.255s] Level 1:colcon.colcon_core.package_identification:_identify(src/moveo2) by extension 'colcon_meta'
[0.255s] Level 1:colcon.colcon_core.package_identification:_identify(src/moveo2) by extensions ['ros']
[0.255s] Level 1:colcon.colcon_core.package_identification:_identify(src/moveo2) by extension 'ros'
[0.256s] DEBUG:colcon.colcon_core.package_identification:Package 'src/moveo2' with type 'ros.ament_python' and name 'moveo2'
[0.256s] Level 1:colcon.colcon_core.package_identification:_identify(src/urdf) by extensions ['ignore', 'ignore_ament_install']
[0.256s] Level 1:colcon.colcon_core.package_identification:_identify(src/urdf) by extension 'ignore'
[0.256s] Level 1:colcon.colcon_core.package_identification:_identify(src/urdf) by extension 'ignore_ament_install'
[0.257s] Level 1:colcon.colcon_core.package_identification:_identify(src/urdf) by extensions ['colcon_pkg']
[0.257s] Level 1:colcon.colcon_core.package_identification:_identify(src/urdf) by extension 'colcon_pkg'
[0.257s] Level 1:colcon.colcon_core.package_identification:_identify(src/urdf) by extensions ['colcon_meta']
[0.257s] Level 1:colcon.colcon_core.package_identification:_identify(src/urdf) by extension 'colcon_meta'
[0.257s] Level 1:colcon.colcon_core.package_identification:_identify(src/urdf) by extensions ['ros']
[0.257s] Level 1:colcon.colcon_core.package_identification:_identify(src/urdf) by extension 'ros'
[0.257s] Level 1:colcon.colcon_core.package_identification:_identify(src/urdf) by extensions ['cmake', 'python']
[0.257s] Level 1:colcon.colcon_core.package_identification:_identify(src/urdf) by extension 'cmake'
[0.257s] Level 1:colcon.colcon_core.package_identification:_identify(src/urdf) by extension 'python'
[0.257s] Level 1:colcon.colcon_core.package_identification:_identify(src/urdf) by extensions ['python_setup_py']
[0.257s] Level 1:colcon.colcon_core.package_identification:_identify(src/urdf) by extension 'python_setup_py'
[0.257s] Level 1:colcon.colcon_core.package_discovery:discover_packages(recursive) using defaults
[0.257s] Level 1:colcon.colcon_core.package_discovery:discover_packages(ignore) discover
[0.258s] Level 1:colcon.colcon_core.package_discovery:discover_packages(ignore) using defaults
[0.258s] Level 1:colcon.colcon_core.package_discovery:discover_packages(path) discover
[0.258s] Level 1:colcon.colcon_core.package_discovery:discover_packages(path) using defaults
[0.280s] Level 5:colcon.colcon_core.verb:set package 'moveo' build argument 'cmake_args' from command line to 'None'
[0.281s] Level 5:colcon.colcon_core.verb:set package 'moveo' build argument 'cmake_target' from command line to 'None'
[0.281s] Level 5:colcon.colcon_core.verb:set package 'moveo' build argument 'cmake_target_skip_unavailable' from command line to 'False'
[0.281s] Level 5:colcon.colcon_core.verb:set package 'moveo' build argument 'cmake_clean_cache' from command line to 'False'
[0.281s] Level 5:colcon.colcon_core.verb:set package 'moveo' build argument 'cmake_clean_first' from command line to 'False'
[0.281s] Level 5:colcon.colcon_core.verb:set package 'moveo' build argument 'cmake_force_configure' from command line to 'False'
[0.281s] Level 5:colcon.colcon_core.verb:set package 'moveo' build argument 'ament_cmake_args' from command line to 'None'
[0.281s] Level 5:colcon.colcon_core.verb:set package 'moveo' build argument 'catkin_cmake_args' from command line to 'None'
[0.281s] Level 5:colcon.colcon_core.verb:set package 'moveo' build argument 'catkin_skip_building_tests' from command line to 'False'
[0.281s] DEBUG:colcon.colcon_core.verb:Building package 'moveo' with the following arguments: {'ament_cmake_args': None, 'build_base': '/home/jjj/moveo_robotic_arm/build/moveo', 'catkin_cmake_args': None, 'catkin_skip_building_tests': False, 'cmake_args': None, 'cmake_clean_cache': False, 'cmake_clean_first': False, 'cmake_force_configure': False, 'cmake_target': None, 'cmake_target_skip_unavailable': False, 'install_base': '/home/jjj/moveo_robotic_arm/install/moveo', 'merge_install': False, 'path': '/home/jjj/moveo_robotic_arm/src/moveo', 'symlink_install': False, 'test_result_base': None}
[0.282s] Level 5:colcon.colcon_core.verb:set package 'moveo2' build argument 'cmake_args' from command line to 'None'
[0.282s] Level 5:colcon.colcon_core.verb:set package 'moveo2' build argument 'cmake_target' from command line to 'None'
[0.282s] Level 5:colcon.colcon_core.verb:set package 'moveo2' build argument 'cmake_target_skip_unavailable' from command line to 'False'
[0.282s] Level 5:colcon.colcon_core.verb:set package 'moveo2' build argument 'cmake_clean_cache' from command line to 'False'
[0.282s] Level 5:colcon.colcon_core.verb:set package 'moveo2' build argument 'cmake_clean_first' from command line to 'False'
[0.282s] Level 5:colcon.colcon_core.verb:set package 'moveo2' build argument 'cmake_force_configure' from command line to 'False'
[0.282s] Level 5:colcon.colcon_core.verb:set package 'moveo2' build argument 'ament_cmake_args' from command line to 'None'
[0.282s] Level 5:colcon.colcon_core.verb:set package 'moveo2' build argument 'catkin_cmake_args' from command line to 'None'
[0.282s] Level 5:colcon.colcon_core.verb:set package 'moveo2' build argument 'catkin_skip_building_tests' from command line to 'False'
[0.282s] DEBUG:colcon.colcon_core.verb:Building package 'moveo2' with the following arguments: {'ament_cmake_args': None, 'build_base': '/home/jjj/moveo_robotic_arm/build/moveo2', 'catkin_cmake_args': None, 'catkin_skip_building_tests': False, 'cmake_args': None, 'cmake_clean_cache': False, 'cmake_clean_first': False, 'cmake_force_configure': False, 'cmake_target': None, 'cmake_target_skip_unavailable': False, 'install_base': '/home/jjj/moveo_robotic_arm/install/moveo2', 'merge_install': False, 'path': '/home/jjj/moveo_robotic_arm/src/moveo2', 'symlink_install': False, 'test_result_base': None}
[0.288s] INFO:colcon.colcon_core.executor:Executing jobs using 'parallel' executor
[0.291s] DEBUG:colcon.colcon_parallel_executor.executor.parallel:run_until_complete
[0.291s] INFO:colcon.colcon_ros.task.ament_python.build:Building ROS package in '/home/jjj/moveo_robotic_arm/src/moveo' with build type 'ament_python'
[0.291s] Level 1:colcon.colcon_core.shell:create_environment_hook('moveo', 'ament_prefix_path')
[0.296s] INFO:colcon.colcon_core.plugin_system:Skipping extension 'colcon_core.shell.bat': Not used on non-Windows systems
[0.297s] INFO:colcon.colcon_core.shell:Creating environment hook '/home/jjj/moveo_robotic_arm/install/moveo/share/moveo/hook/ament_prefix_path.ps1'
[0.297s] INFO:colcon.colcon_core.shell:Creating environment descriptor '/home/jjj/moveo_robotic_arm/install/moveo/share/moveo/hook/ament_prefix_path.dsv'
[0.298s] INFO:colcon.colcon_core.shell:Creating environment hook '/home/jjj/moveo_robotic_arm/install/moveo/share/moveo/hook/ament_prefix_path.sh'
[0.299s] INFO:colcon.colcon_core.shell:Skip shell extension 'powershell' for command environment: Not usable outside of PowerShell
[0.300s] DEBUG:colcon.colcon_core.shell:Skip shell extension 'dsv' for command environment
[0.307s] INFO:colcon.colcon_ros.task.ament_python.build:Building ROS package in '/home/jjj/moveo_robotic_arm/src/moveo2' with build type 'ament_python'
[0.307s] Level 1:colcon.colcon_core.shell:create_environment_hook('moveo2', 'ament_prefix_path')
[0.308s] INFO:colcon.colcon_core.shell:Creating environment hook '/home/jjj/moveo_robotic_arm/install/moveo2/share/moveo2/hook/ament_prefix_path.ps1'
[0.310s] INFO:colcon.colcon_core.shell:Creating environment descriptor '/home/jjj/moveo_robotic_arm/install/moveo2/share/moveo2/hook/ament_prefix_path.dsv'
[0.310s] INFO:colcon.colcon_core.shell:Creating environment hook '/home/jjj/moveo_robotic_arm/install/moveo2/share/moveo2/hook/ament_prefix_path.sh'
[0.311s] INFO:colcon.colcon_core.shell:Skip shell extension 'powershell' for command environment: Not usable outside of PowerShell
[0.312s] DEBUG:colcon.colcon_core.shell:Skip shell extension 'dsv' for command environment
[0.618s] INFO:colcon.colcon_core.task.python.build:Building Python package in '/home/jjj/moveo_robotic_arm/src/moveo'
[0.620s] INFO:colcon.colcon_core.shell:Skip shell extension 'powershell' for command environment: Not usable outside of PowerShell
[0.620s] DEBUG:colcon.colcon_core.shell:Skip shell extension 'dsv' for command environment
[0.918s] INFO:colcon.colcon_core.task.python.build:Building Python package in '/home/jjj/moveo_robotic_arm/src/moveo2'
[0.919s] INFO:colcon.colcon_core.shell:Skip shell extension 'powershell' for command environment: Not usable outside of PowerShell
[0.919s] DEBUG:colcon.colcon_core.shell:Skip shell extension 'dsv' for command environment
[1.489s] DEBUG:colcon.colcon_core.event_handler.log_command:Invoking command in '/home/jjj/moveo_robotic_arm/src/moveo': PYTHONPATH=/home/jjj/moveo_robotic_arm/install/moveo/lib/python3.8/site-packages:${PYTHONPATH} /usr/bin/python3 setup.py egg_info --egg-base ../../build/moveo build --build-base /home/jjj/moveo_robotic_arm/build/moveo/build install --prefix /home/jjj/moveo_robotic_arm/install/moveo --record /home/jjj/moveo_robotic_arm/build/moveo/install.log --single-version-externally-managed
[1.501s] DEBUG:colcon.colcon_core.event_handler.log_command:Invoking command in '/home/jjj/moveo_robotic_arm/src/moveo2': PYTHONPATH=/home/jjj/moveo_robotic_arm/install/moveo2/lib/python3.8/site-packages:${PYTHONPATH} /usr/bin/python3 setup.py egg_info --egg-base ../../build/moveo2 build --build-base /home/jjj/moveo_robotic_arm/build/moveo2/build install --prefix /home/jjj/moveo_robotic_arm/install/moveo2 --record /home/jjj/moveo_robotic_arm/build/moveo2/install.log --single-version-externally-managed
[1.914s] DEBUG:colcon.colcon_core.event_handler.log_command:Invoked command in '/home/jjj/moveo_robotic_arm/src/moveo2' returned '0': PYTHONPATH=/home/jjj/moveo_robotic_arm/install/moveo2/lib/python3.8/site-packages:${PYTHONPATH} /usr/bin/python3 setup.py egg_info --egg-base ../../build/moveo2 build --build-base /home/jjj/moveo_robotic_arm/build/moveo2/build install --prefix /home/jjj/moveo_robotic_arm/install/moveo2 --record /home/jjj/moveo_robotic_arm/build/moveo2/install.log --single-version-externally-managed
[1.915s] Level 1:colcon.colcon_core.environment:checking '/home/jjj/moveo_robotic_arm/install/moveo2' for CMake module files
[1.915s] Level 1:colcon.colcon_core.environment:checking '/home/jjj/moveo_robotic_arm/install/moveo2' for CMake config files
[1.916s] Level 1:colcon.colcon_core.environment:checking '/home/jjj/moveo_robotic_arm/install/moveo2/lib'
[1.917s] Level 1:colcon.colcon_core.environment:checking '/home/jjj/moveo_robotic_arm/install/moveo2/bin'
[1.917s] Level 1:colcon.colcon_core.environment:checking '/home/jjj/moveo_robotic_arm/install/moveo2/lib/pkgconfig/moveo2.pc'
[1.917s] Level 1:colcon.colcon_core.environment:checking '/home/jjj/moveo_robotic_arm/install/moveo2/lib/python3.8/site-packages'
[1.917s] Level 1:colcon.colcon_core.shell:create_environment_hook('moveo2', 'pythonpath')
[1.918s] INFO:colcon.colcon_core.shell:Creating environment hook '/home/jjj/moveo_robotic_arm/install/moveo2/share/moveo2/hook/pythonpath.ps1'
[1.919s] INFO:colcon.colcon_core.shell:Creating environment descriptor '/home/jjj/moveo_robotic_arm/install/moveo2/share/moveo2/hook/pythonpath.dsv'
[1.919s] INFO:colcon.colcon_core.shell:Creating environment hook '/home/jjj/moveo_robotic_arm/install/moveo2/share/moveo2/hook/pythonpath.sh'
[1.920s] Level 1:colcon.colcon_core.environment:create_environment_scripts_only(moveo2)
[1.920s] INFO:colcon.colcon_core.shell:Creating package script '/home/jjj/moveo_robotic_arm/install/moveo2/share/moveo2/package.ps1'
[1.922s] INFO:colcon.colcon_core.shell:Creating package descriptor '/home/jjj/moveo_robotic_arm/install/moveo2/share/moveo2/package.dsv'
[1.922s] INFO:colcon.colcon_core.shell:Creating package script '/home/jjj/moveo_robotic_arm/install/moveo2/share/moveo2/package.sh'
[1.937s] INFO:colcon.colcon_core.shell:Creating package script '/home/jjj/moveo_robotic_arm/install/moveo2/share/moveo2/package.bash'
[1.938s] INFO:colcon.colcon_core.shell:Creating package script '/home/jjj/moveo_robotic_arm/install/moveo2/share/moveo2/package.zsh'
[1.939s] Level 1:colcon.colcon_core.environment:create_file_with_runtime_dependencies(/home/jjj/moveo_robotic_arm/install/moveo2/share/colcon-core/packages/moveo2)
[1.941s] Level 1:colcon.colcon_core.environment:checking '/home/jjj/moveo_robotic_arm/install/moveo' for CMake module files
[1.943s] DEBUG:colcon.colcon_core.event_handler.log_command:Invoked command in '/home/jjj/moveo_robotic_arm/src/moveo' returned '0': PYTHONPATH=/home/jjj/moveo_robotic_arm/install/moveo/lib/python3.8/site-packages:${PYTHONPATH} /usr/bin/python3 setup.py egg_info --egg-base ../../build/moveo build --build-base /home/jjj/moveo_robotic_arm/build/moveo/build install --prefix /home/jjj/moveo_robotic_arm/install/moveo --record /home/jjj/moveo_robotic_arm/build/moveo/install.log --single-version-externally-managed
[1.943s] Level 1:colcon.colcon_core.environment:checking '/home/jjj/moveo_robotic_arm/install/moveo' for CMake config files
[1.944s] Level 1:colcon.colcon_core.environment:checking '/home/jjj/moveo_robotic_arm/install/moveo/lib'
[1.944s] Level 1:colcon.colcon_core.environment:checking '/home/jjj/moveo_robotic_arm/install/moveo/bin'
[1.944s] Level 1:colcon.colcon_core.environment:checking '/home/jjj/moveo_robotic_arm/install/moveo/lib/pkgconfig/moveo.pc'
[1.944s] Level 1:colcon.colcon_core.environment:checking '/home/jjj/moveo_robotic_arm/install/moveo/lib/python3.8/site-packages'
[1.944s] Level 1:colcon.colcon_core.shell:create_environment_hook('moveo', 'pythonpath')
[1.945s] INFO:colcon.colcon_core.shell:Creating environment hook '/home/jjj/moveo_robotic_arm/install/moveo/share/moveo/hook/pythonpath.ps1'
[1.945s] INFO:colcon.colcon_core.shell:Creating environment descriptor '/home/jjj/moveo_robotic_arm/install/moveo/share/moveo/hook/pythonpath.dsv'
[1.946s] INFO:colcon.colcon_core.shell:Creating environment hook '/home/jjj/moveo_robotic_arm/install/moveo/share/moveo/hook/pythonpath.sh'
[1.946s] Level 1:colcon.colcon_core.environment:create_environment_scripts_only(moveo)
[1.947s] INFO:colcon.colcon_core.shell:Creating package script '/home/jjj/moveo_robotic_arm/install/moveo/share/moveo/package.ps1'
[1.948s] INFO:colcon.colcon_core.shell:Creating package descriptor '/home/jjj/moveo_robotic_arm/install/moveo/share/moveo/package.dsv'
[1.948s] INFO:colcon.colcon_core.shell:Creating package script '/home/jjj/moveo_robotic_arm/install/moveo/share/moveo/package.sh'
[1.949s] INFO:colcon.colcon_core.shell:Creating package script '/home/jjj/moveo_robotic_arm/install/moveo/share/moveo/package.bash'
[1.950s] INFO:colcon.colcon_core.shell:Creating package script '/home/jjj/moveo_robotic_arm/install/moveo/share/moveo/package.zsh'
[1.950s] Level 1:colcon.colcon_core.environment:create_file_with_runtime_dependencies(/home/jjj/moveo_robotic_arm/install/moveo/share/colcon-core/packages/moveo)
[1.951s] DEBUG:colcon.colcon_parallel_executor.executor.parallel:closing loop
[1.951s] DEBUG:colcon.colcon_parallel_executor.executor.parallel:loop closed
[1.952s] DEBUG:colcon.colcon_parallel_executor.executor.parallel:run_until_complete finished with '0'
[1.952s] DEBUG:colcon.colcon_core.event_reactor:joining thread
[1.963s] INFO:colcon.colcon_core.plugin_system:Skipping extension 'colcon_notification.desktop_notification.terminal_notifier': Not used on non-Darwin systems
[1.963s] INFO:colcon.colcon_core.plugin_system:Skipping extension 'colcon_notification.desktop_notification.win32': Not used on non-Windows systems
[1.963s] INFO:colcon.colcon_notification.desktop_notification:Sending desktop notification using 'notify2'
[1.990s] DEBUG:colcon.colcon_core.event_reactor:joined thread
[1.991s] INFO:colcon.colcon_core.shell:Creating prefix script '/home/jjj/moveo_robotic_arm/install/local_setup.ps1'
[1.992s] INFO:colcon.colcon_core.shell:Creating prefix util module '/home/jjj/moveo_robotic_arm/install/_local_setup_util_ps1.py'
[1.994s] INFO:colcon.colcon_core.shell:Creating prefix chain script '/home/jjj/moveo_robotic_arm/install/setup.ps1'
[1.996s] INFO:colcon.colcon_core.shell:Creating prefix script '/home/jjj/moveo_robotic_arm/install/local_setup.sh'
[1.997s] INFO:colcon.colcon_core.shell:Creating prefix util module '/home/jjj/moveo_robotic_arm/install/_local_setup_util_sh.py'
[1.998s] INFO:colcon.colcon_core.shell:Creating prefix chain script '/home/jjj/moveo_robotic_arm/install/setup.sh'
[2.001s] INFO:colcon.colcon_core.shell:Creating prefix script '/home/jjj/moveo_robotic_arm/install/local_setup.bash'
[2.007s] INFO:colcon.colcon_core.shell:Creating prefix chain script '/home/jjj/moveo_robotic_arm/install/setup.bash'
[2.009s] INFO:colcon.colcon_core.shell:Creating prefix script '/home/jjj/moveo_robotic_arm/install/local_setup.zsh'
[2.010s] INFO:colcon.colcon_core.shell:Creating prefix chain script '/home/jjj/moveo_robotic_arm/install/setup.zsh'
